------------------------------------
--- File created by Amnesia tool ---
------------------------------------


----------------------------------
--- Architecture Configuration ---
----------------------------------

--- Main Memory ---

Memory size: 8 word(s) 
Block size: 1 word(s)/block 
Cycles per access read: 1 unity 
Cycles per access write: 2 unity 
Time cycle: 2 time unity 

-------------------------
---       Trace       ---
-------------------------

2 0
2 1
1 0
2 0
1 3
2 3
1 1
2 1
1 2
2 0
1 4
2 2
1 6
2 4
2 5
2 0
2 7
1 7
2 0
2 7
2 0
2 1
1 0
2 0
1 3
2 3
1 1
2 1
1 2
2 0
1 4
2 2
1 6
2 4
2 5
2 0
2 7
1 7
2 0
2 7
2 0
2 1
1 0
2 0
1 3
2 3
1 1
2 1
1 2
2 0
1 4
2 2
1 6
2 4
2 5
2 0
2 7
1 7
2 0
2 7

------------------------------
---      Execution Log     ---
------------------------------

Location: MAINMEMORY
Action = Stored data in Main Memory  
Block = 0 


Location: MAINMEMORY
Action = Stored data in Main Memory  
Block = 1 


Location: MAINMEMORY
Action = Stored data in Main Memory  
Block = 2 


Location: MAINMEMORY
Action = Stored data in Main Memory  
Block = 3 


Location: MAINMEMORY
Action = Stored data in Main Memory  
Block = 4 


Location: MAINMEMORY
Action = Stored data in Main Memory  
Block = 5 


Location: MAINMEMORY
Action = Stored data in Main Memory  
Block = 6 


Location: MAINMEMORY
Action = Stored data in Main Memory  
Block = 7 


----------------------- Step: 001 to 060 || Trace: 2 0 -----------------------

Location: MAINMEMORY
Action = Loading data from Main Memory  
Block = 0 


----------------------- Step: 002 to 060 || Trace: 2 1 -----------------------

Location: MAINMEMORY
Action = Loading data from Main Memory  
Block = 1 


----------------------- Step: 003 to 060 || Trace: 1 0 -----------------------

Location: MAINMEMORY
Action = Stored data in Main Memory  
Block = 0 


----------------------- Step: 004 to 060 || Trace: 2 0 -----------------------

Location: MAINMEMORY
Action = Loading data from Main Memory  
Block = 0 


----------------------- Step: 005 to 060 || Trace: 1 3 -----------------------

Location: MAINMEMORY
Action = Stored data in Main Memory  
Block = 3 


----------------------- Step: 006 to 060 || Trace: 2 3 -----------------------

Location: MAINMEMORY
Action = Loading data from Main Memory  
Block = 3 


----------------------- Step: 007 to 060 || Trace: 1 1 -----------------------

Location: MAINMEMORY
Action = Stored data in Main Memory  
Block = 1 


----------------------- Step: 008 to 060 || Trace: 2 1 -----------------------

Location: MAINMEMORY
Action = Loading data from Main Memory  
Block = 1 


----------------------- Step: 009 to 060 || Trace: 1 2 -----------------------

Location: MAINMEMORY
Action = Stored data in Main Memory  
Block = 2 


----------------------- Step: 010 to 060 || Trace: 2 0 -----------------------

Location: MAINMEMORY
Action = Loading data from Main Memory  
Block = 0 


----------------------- Step: 011 to 060 || Trace: 1 4 -----------------------

Location: MAINMEMORY
Action = Stored data in Main Memory  
Block = 4 


----------------------- Step: 012 to 060 || Trace: 2 2 -----------------------

Location: MAINMEMORY
Action = Loading data from Main Memory  
Block = 2 


----------------------- Step: 013 to 060 || Trace: 1 6 -----------------------

Location: MAINMEMORY
Action = Stored data in Main Memory  
Block = 6 


----------------------- Step: 014 to 060 || Trace: 2 4 -----------------------

Location: MAINMEMORY
Action = Loading data from Main Memory  
Block = 4 


----------------------- Step: 015 to 060 || Trace: 2 5 -----------------------

Location: MAINMEMORY
Action = Loading data from Main Memory  
Block = 5 


----------------------- Step: 016 to 060 || Trace: 2 0 -----------------------

Location: MAINMEMORY
Action = Loading data from Main Memory  
Block = 0 


----------------------- Step: 017 to 060 || Trace: 2 7 -----------------------

Location: MAINMEMORY
Action = Loading data from Main Memory  
Block = 7 


----------------------- Step: 018 to 060 || Trace: 1 7 -----------------------

Location: MAINMEMORY
Action = Stored data in Main Memory  
Block = 7 


----------------------- Step: 019 to 060 || Trace: 2 0 -----------------------

Location: MAINMEMORY
Action = Loading data from Main Memory  
Block = 0 


----------------------- Step: 020 to 060 || Trace: 2 7 -----------------------

Location: MAINMEMORY
Action = Loading data from Main Memory  
Block = 7 


----------------------- Step: 021 to 060 || Trace: 2 0 -----------------------

Location: MAINMEMORY
Action = Loading data from Main Memory  
Block = 0 


----------------------- Step: 022 to 060 || Trace: 2 1 -----------------------

Location: MAINMEMORY
Action = Loading data from Main Memory  
Block = 1 


----------------------- Step: 023 to 060 || Trace: 1 0 -----------------------

Location: MAINMEMORY
Action = Stored data in Main Memory  
Block = 0 


----------------------- Step: 024 to 060 || Trace: 2 0 -----------------------

Location: MAINMEMORY
Action = Loading data from Main Memory  
Block = 0 


----------------------- Step: 025 to 060 || Trace: 1 3 -----------------------

Location: MAINMEMORY
Action = Stored data in Main Memory  
Block = 3 


----------------------- Step: 026 to 060 || Trace: 2 3 -----------------------

Location: MAINMEMORY
Action = Loading data from Main Memory  
Block = 3 


----------------------- Step: 027 to 060 || Trace: 1 1 -----------------------

Location: MAINMEMORY
Action = Stored data in Main Memory  
Block = 1 


----------------------- Step: 028 to 060 || Trace: 2 1 -----------------------

Location: MAINMEMORY
Action = Loading data from Main Memory  
Block = 1 


----------------------- Step: 029 to 060 || Trace: 1 2 -----------------------

Location: MAINMEMORY
Action = Stored data in Main Memory  
Block = 2 


----------------------- Step: 030 to 060 || Trace: 2 0 -----------------------

Location: MAINMEMORY
Action = Loading data from Main Memory  
Block = 0 


----------------------- Step: 031 to 060 || Trace: 1 4 -----------------------

Location: MAINMEMORY
Action = Stored data in Main Memory  
Block = 4 


----------------------- Step: 032 to 060 || Trace: 2 2 -----------------------

Location: MAINMEMORY
Action = Loading data from Main Memory  
Block = 2 


----------------------- Step: 033 to 060 || Trace: 1 6 -----------------------

Location: MAINMEMORY
Action = Stored data in Main Memory  
Block = 6 


----------------------- Step: 034 to 060 || Trace: 2 4 -----------------------

Location: MAINMEMORY
Action = Loading data from Main Memory  
Block = 4 


----------------------- Step: 035 to 060 || Trace: 2 5 -----------------------

Location: MAINMEMORY
Action = Loading data from Main Memory  
Block = 5 


----------------------- Step: 036 to 060 || Trace: 2 0 -----------------------

Location: MAINMEMORY
Action = Loading data from Main Memory  
Block = 0 


----------------------- Step: 037 to 060 || Trace: 2 7 -----------------------

Location: MAINMEMORY
Action = Loading data from Main Memory  
Block = 7 


----------------------- Step: 038 to 060 || Trace: 1 7 -----------------------

Location: MAINMEMORY
Action = Stored data in Main Memory  
Block = 7 


----------------------- Step: 039 to 060 || Trace: 2 0 -----------------------

Location: MAINMEMORY
Action = Loading data from Main Memory  
Block = 0 


----------------------- Step: 040 to 060 || Trace: 2 7 -----------------------

Location: MAINMEMORY
Action = Loading data from Main Memory  
Block = 7 


----------------------- Step: 041 to 060 || Trace: 2 0 -----------------------

Location: MAINMEMORY
Action = Loading data from Main Memory  
Block = 0 


----------------------- Step: 042 to 060 || Trace: 2 1 -----------------------

Location: MAINMEMORY
Action = Loading data from Main Memory  
Block = 1 


----------------------- Step: 043 to 060 || Trace: 1 0 -----------------------

Location: MAINMEMORY
Action = Stored data in Main Memory  
Block = 0 


----------------------- Step: 044 to 060 || Trace: 2 0 -----------------------

Location: MAINMEMORY
Action = Loading data from Main Memory  
Block = 0 


----------------------- Step: 045 to 060 || Trace: 1 3 -----------------------

Location: MAINMEMORY
Action = Stored data in Main Memory  
Block = 3 


----------------------- Step: 046 to 060 || Trace: 2 3 -----------------------

Location: MAINMEMORY
Action = Loading data from Main Memory  
Block = 3 


----------------------- Step: 047 to 060 || Trace: 1 1 -----------------------

Location: MAINMEMORY
Action = Stored data in Main Memory  
Block = 1 


----------------------- Step: 048 to 060 || Trace: 2 1 -----------------------

Location: MAINMEMORY
Action = Loading data from Main Memory  
Block = 1 


----------------------- Step: 049 to 060 || Trace: 1 2 -----------------------

Location: MAINMEMORY
Action = Stored data in Main Memory  
Block = 2 


----------------------- Step: 050 to 060 || Trace: 2 0 -----------------------

Location: MAINMEMORY
Action = Loading data from Main Memory  
Block = 0 


----------------------- Step: 051 to 060 || Trace: 1 4 -----------------------

Location: MAINMEMORY
Action = Stored data in Main Memory  
Block = 4 


----------------------- Step: 052 to 060 || Trace: 2 2 -----------------------

Location: MAINMEMORY
Action = Loading data from Main Memory  
Block = 2 


----------------------- Step: 053 to 060 || Trace: 1 6 -----------------------

Location: MAINMEMORY
Action = Stored data in Main Memory  
Block = 6 


----------------------- Step: 054 to 060 || Trace: 2 4 -----------------------

Location: MAINMEMORY
Action = Loading data from Main Memory  
Block = 4 


----------------------- Step: 055 to 060 || Trace: 2 5 -----------------------

Location: MAINMEMORY
Action = Loading data from Main Memory  
Block = 5 


----------------------- Step: 056 to 060 || Trace: 2 0 -----------------------

Location: MAINMEMORY
Action = Loading data from Main Memory  
Block = 0 


----------------------- Step: 057 to 060 || Trace: 2 7 -----------------------

Location: MAINMEMORY
Action = Loading data from Main Memory  
Block = 7 


----------------------- Step: 058 to 060 || Trace: 1 7 -----------------------

Location: MAINMEMORY
Action = Stored data in Main Memory  
Block = 7 


----------------------- Step: 059 to 060 || Trace: 2 0 -----------------------

Location: MAINMEMORY
Action = Loading data from Main Memory  
Block = 0 


----------------------- Step: 060 to 060 || Trace: 2 7 -----------------------

Location: MAINMEMORY
Action = Loading data from Main Memory  
Block = 7 


------------------------------
---       Statistics       ---
------------------------------

Main Memory
  Read Access: 39
  Read Cycles: 39
  Read Time: 78
  Write Access: 21
  Write Cycles: 42
  Write Time: 84
  Total Access: 60
  Total Time: 162

 Total Time: 162