------------------------------------
--- File created by Amnesia tool ---
------------------------------------


----------------------------------
--- Architecture Configuration ---
----------------------------------

--- Main Memory ---

Memory size: 16 word(s) 
Block size: 4 word(s)/block 
Cycles per access read: 1 unity 
Cycles per access write: 2 unity 
Time cycle: 10 time unity 

--- Cache Memory ---

Cache type: UNIFIED / Level: 1 
Memory size: 8 word(s) 
Block size: 4 word(s)/block 
Cycles per access read: 1 unity 
Cycles per access write: 2 unity 
Time cicle: 1 time unity 
Associativity level: 1 block(s)/set 
Write policy: WriteThrough 
Replacement algorithm: FIFO 


-------------------------
---       Trace       ---
-------------------------

2 0
2 1
1 0
2 0
1 3
2 3
1 1
2 1
1 2
2 0
1 4
2 2
1 6
2 4
2 5
2 0
2 7
1 7
2 0
2 7
2 0
2 1
1 0
2 0
1 3
2 3
1 1
2 1
1 2
2 0
1 4
2 2
1 6
2 4
2 5
2 0
2 7
1 7
2 0
2 7
2 0
2 1
1 0
2 0
1 3
2 3
1 1
2 1
1 2
2 0
1 4
2 2
1 6
2 4
2 5
2 0
2 7
1 7
2 0
2 7

------------------------------
---      Execution Log     ---
------------------------------

Location: MAINMEMORY
Action = Stored data in Main Memory  
Block = 0 


Location: MAINMEMORY
Action = Stored data in Main Memory  
Block = 1 


----------------------- Step: 001 to 060 || Trace: 2 0 -----------------------

Location: CACHE
 Action = load operation  -  Access Type = miss 
 Cache Type = Accessing Unified Cache  -  Cache Level = 1 
|-------------------------------------------------------------------------------------|
|                         Byte Address: 000000000000000000000000000000XX (32 bits)    |
|                         Word Address: 000000000000000000000000000000   (30 bits)    |
|-------------------------------------------------------------------------------------|
|                              Block                              |   Word  |   Byte  |
|               Tag              |              Set               |  OffSet |  OffSet |
|-------------------------------------------------------------------------------------|
|     000000000000000000000000000|                               0|       00|      XX |
|-------------------------------------------------------------------------------------|
|                         27 bits|                          1 bits|   2 bits|   2 bits|
|-------------------------------------------------------------------------------------|

Location: MAINMEMORY
Action = Loading data from Main Memory  
Block = 0 


Location: CACHE
 Action = store operation  -  Access Type = miss 
 Cache Type = Accessing Unified Cache  -  Cache Level = 1 
|-------------------------------------------------------------------------------------|
|                         Byte Address: 000000000000000000000000000000XX (32 bits)    |
|                         Word Address: 000000000000000000000000000000   (30 bits)    |
|-------------------------------------------------------------------------------------|
|                              Block                              |   Word  |   Byte  |
|               Tag              |              Set               |  OffSet |  OffSet |
|-------------------------------------------------------------------------------------|
|     000000000000000000000000000|                               0|       00|      XX |
|-------------------------------------------------------------------------------------|
|                         27 bits|                          1 bits|   2 bits|   2 bits|
|-------------------------------------------------------------------------------------|

----------------------- Step: 002 to 060 || Trace: 2 1 -----------------------

Location: CACHE
 Action = load operation  -  Access Type = hit 
 Cache Type = Accessing Unified Cache  -  Cache Level = 1 
|-------------------------------------------------------------------------------------|
|                         Byte Address: 000000000000000000000000000001XX (32 bits)    |
|                         Word Address: 000000000000000000000000000001   (30 bits)    |
|-------------------------------------------------------------------------------------|
|                              Block                              |   Word  |   Byte  |
|               Tag              |              Set               |  OffSet |  OffSet |
|-------------------------------------------------------------------------------------|
|     000000000000000000000000000|                               0|       01|      XX |
|-------------------------------------------------------------------------------------|
|                         27 bits|                          1 bits|   2 bits|   2 bits|
|-------------------------------------------------------------------------------------|

----------------------- Step: 003 to 060 || Trace: 1 0 -----------------------

Location: MAINMEMORY
Action = Stored data in Main Memory  
Block = 0 


Location: CACHE
 Action = store operation  -  Access Type = hit 
 Cache Type = Accessing Unified Cache  -  Cache Level = 1 
|-------------------------------------------------------------------------------------|
|                         Byte Address: 000000000000000000000000000000XX (32 bits)    |
|                         Word Address: 000000000000000000000000000000   (30 bits)    |
|-------------------------------------------------------------------------------------|
|                              Block                              |   Word  |   Byte  |
|               Tag              |              Set               |  OffSet |  OffSet |
|-------------------------------------------------------------------------------------|
|     000000000000000000000000000|                               0|       00|      XX |
|-------------------------------------------------------------------------------------|
|                         27 bits|                          1 bits|   2 bits|   2 bits|
|-------------------------------------------------------------------------------------|

----------------------- Step: 004 to 060 || Trace: 2 0 -----------------------

Location: CACHE
 Action = load operation  -  Access Type = hit 
 Cache Type = Accessing Unified Cache  -  Cache Level = 1 
|-------------------------------------------------------------------------------------|
|                         Byte Address: 000000000000000000000000000000XX (32 bits)    |
|                         Word Address: 000000000000000000000000000000   (30 bits)    |
|-------------------------------------------------------------------------------------|
|                              Block                              |   Word  |   Byte  |
|               Tag              |              Set               |  OffSet |  OffSet |
|-------------------------------------------------------------------------------------|
|     000000000000000000000000000|                               0|       00|      XX |
|-------------------------------------------------------------------------------------|
|                         27 bits|                          1 bits|   2 bits|   2 bits|
|-------------------------------------------------------------------------------------|

----------------------- Step: 005 to 060 || Trace: 1 3 -----------------------

Location: MAINMEMORY
Action = Stored data in Main Memory  
Block = 0 


Location: CACHE
 Action = store operation  -  Access Type = hit 
 Cache Type = Accessing Unified Cache  -  Cache Level = 1 
|-------------------------------------------------------------------------------------|
|                         Byte Address: 000000000000000000000000000011XX (32 bits)    |
|                         Word Address: 000000000000000000000000000011   (30 bits)    |
|-------------------------------------------------------------------------------------|
|                              Block                              |   Word  |   Byte  |
|               Tag              |              Set               |  OffSet |  OffSet |
|-------------------------------------------------------------------------------------|
|     000000000000000000000000000|                               0|       11|      XX |
|-------------------------------------------------------------------------------------|
|                         27 bits|                          1 bits|   2 bits|   2 bits|
|-------------------------------------------------------------------------------------|

----------------------- Step: 006 to 060 || Trace: 2 3 -----------------------

Location: CACHE
 Action = load operation  -  Access Type = hit 
 Cache Type = Accessing Unified Cache  -  Cache Level = 1 
|-------------------------------------------------------------------------------------|
|                         Byte Address: 000000000000000000000000000011XX (32 bits)    |
|                         Word Address: 000000000000000000000000000011   (30 bits)    |
|-------------------------------------------------------------------------------------|
|                              Block                              |   Word  |   Byte  |
|               Tag              |              Set               |  OffSet |  OffSet |
|-------------------------------------------------------------------------------------|
|     000000000000000000000000000|                               0|       11|      XX |
|-------------------------------------------------------------------------------------|
|                         27 bits|                          1 bits|   2 bits|   2 bits|
|-------------------------------------------------------------------------------------|

----------------------- Step: 007 to 060 || Trace: 1 1 -----------------------

Location: MAINMEMORY
Action = Stored data in Main Memory  
Block = 0 


Location: CACHE
 Action = store operation  -  Access Type = hit 
 Cache Type = Accessing Unified Cache  -  Cache Level = 1 
|-------------------------------------------------------------------------------------|
|                         Byte Address: 000000000000000000000000000001XX (32 bits)    |
|                         Word Address: 000000000000000000000000000001   (30 bits)    |
|-------------------------------------------------------------------------------------|
|                              Block                              |   Word  |   Byte  |
|               Tag              |              Set               |  OffSet |  OffSet |
|-------------------------------------------------------------------------------------|
|     000000000000000000000000000|                               0|       01|      XX |
|-------------------------------------------------------------------------------------|
|                         27 bits|                          1 bits|   2 bits|   2 bits|
|-------------------------------------------------------------------------------------|

----------------------- Step: 008 to 060 || Trace: 2 1 -----------------------

Location: CACHE
 Action = load operation  -  Access Type = hit 
 Cache Type = Accessing Unified Cache  -  Cache Level = 1 
|-------------------------------------------------------------------------------------|
|                         Byte Address: 000000000000000000000000000001XX (32 bits)    |
|                         Word Address: 000000000000000000000000000001   (30 bits)    |
|-------------------------------------------------------------------------------------|
|                              Block                              |   Word  |   Byte  |
|               Tag              |              Set               |  OffSet |  OffSet |
|-------------------------------------------------------------------------------------|
|     000000000000000000000000000|                               0|       01|      XX |
|-------------------------------------------------------------------------------------|
|                         27 bits|                          1 bits|   2 bits|   2 bits|
|-------------------------------------------------------------------------------------|

----------------------- Step: 009 to 060 || Trace: 1 2 -----------------------

Location: MAINMEMORY
Action = Stored data in Main Memory  
Block = 0 


Location: CACHE
 Action = store operation  -  Access Type = hit 
 Cache Type = Accessing Unified Cache  -  Cache Level = 1 
|-------------------------------------------------------------------------------------|
|                         Byte Address: 000000000000000000000000000010XX (32 bits)    |
|                         Word Address: 000000000000000000000000000010   (30 bits)    |
|-------------------------------------------------------------------------------------|
|                              Block                              |   Word  |   Byte  |
|               Tag              |              Set               |  OffSet |  OffSet |
|-------------------------------------------------------------------------------------|
|     000000000000000000000000000|                               0|       10|      XX |
|-------------------------------------------------------------------------------------|
|                         27 bits|                          1 bits|   2 bits|   2 bits|
|-------------------------------------------------------------------------------------|

----------------------- Step: 010 to 060 || Trace: 2 0 -----------------------

Location: CACHE
 Action = load operation  -  Access Type = hit 
 Cache Type = Accessing Unified Cache  -  Cache Level = 1 
|-------------------------------------------------------------------------------------|
|                         Byte Address: 000000000000000000000000000000XX (32 bits)    |
|                         Word Address: 000000000000000000000000000000   (30 bits)    |
|-------------------------------------------------------------------------------------|
|                              Block                              |   Word  |   Byte  |
|               Tag              |              Set               |  OffSet |  OffSet |
|-------------------------------------------------------------------------------------|
|     000000000000000000000000000|                               0|       00|      XX |
|-------------------------------------------------------------------------------------|
|                         27 bits|                          1 bits|   2 bits|   2 bits|
|-------------------------------------------------------------------------------------|

----------------------- Step: 011 to 060 || Trace: 1 4 -----------------------

Location: MAINMEMORY
Action = Loading data from Main Memory  
Block = 1 


Location: MAINMEMORY
Action = Stored data in Main Memory  
Block = 1 


Location: CACHE
 Action = store operation  -  Access Type = miss 
 Cache Type = Accessing Unified Cache  -  Cache Level = 1 
|-------------------------------------------------------------------------------------|
|                         Byte Address: 000000000000000000000000000100XX (32 bits)    |
|                         Word Address: 000000000000000000000000000100   (30 bits)    |
|-------------------------------------------------------------------------------------|
|                              Block                              |   Word  |   Byte  |
|               Tag              |              Set               |  OffSet |  OffSet |
|-------------------------------------------------------------------------------------|
|     000000000000000000000000000|                               1|       00|      XX |
|-------------------------------------------------------------------------------------|
|                         27 bits|                          1 bits|   2 bits|   2 bits|
|-------------------------------------------------------------------------------------|

----------------------- Step: 012 to 060 || Trace: 2 2 -----------------------

Location: CACHE
 Action = load operation  -  Access Type = hit 
 Cache Type = Accessing Unified Cache  -  Cache Level = 1 
|-------------------------------------------------------------------------------------|
|                         Byte Address: 000000000000000000000000000010XX (32 bits)    |
|                         Word Address: 000000000000000000000000000010   (30 bits)    |
|-------------------------------------------------------------------------------------|
|                              Block                              |   Word  |   Byte  |
|               Tag              |              Set               |  OffSet |  OffSet |
|-------------------------------------------------------------------------------------|
|     000000000000000000000000000|                               0|       10|      XX |
|-------------------------------------------------------------------------------------|
|                         27 bits|                          1 bits|   2 bits|   2 bits|
|-------------------------------------------------------------------------------------|

----------------------- Step: 013 to 060 || Trace: 1 6 -----------------------

Location: MAINMEMORY
Action = Stored data in Main Memory  
Block = 1 


Location: CACHE
 Action = store operation  -  Access Type = hit 
 Cache Type = Accessing Unified Cache  -  Cache Level = 1 
|-------------------------------------------------------------------------------------|
|                         Byte Address: 000000000000000000000000000110XX (32 bits)    |
|                         Word Address: 000000000000000000000000000110   (30 bits)    |
|-------------------------------------------------------------------------------------|
|                              Block                              |   Word  |   Byte  |
|               Tag              |              Set               |  OffSet |  OffSet |
|-------------------------------------------------------------------------------------|
|     000000000000000000000000000|                               1|       10|      XX |
|-------------------------------------------------------------------------------------|
|                         27 bits|                          1 bits|   2 bits|   2 bits|
|-------------------------------------------------------------------------------------|

----------------------- Step: 014 to 060 || Trace: 2 4 -----------------------

Location: CACHE
 Action = load operation  -  Access Type = hit 
 Cache Type = Accessing Unified Cache  -  Cache Level = 1 
|-------------------------------------------------------------------------------------|
|                         Byte Address: 000000000000000000000000000100XX (32 bits)    |
|                         Word Address: 000000000000000000000000000100   (30 bits)    |
|-------------------------------------------------------------------------------------|
|                              Block                              |   Word  |   Byte  |
|               Tag              |              Set               |  OffSet |  OffSet |
|-------------------------------------------------------------------------------------|
|     000000000000000000000000000|                               1|       00|      XX |
|-------------------------------------------------------------------------------------|
|                         27 bits|                          1 bits|   2 bits|   2 bits|
|-------------------------------------------------------------------------------------|

----------------------- Step: 015 to 060 || Trace: 2 5 -----------------------

Location: CACHE
 Action = load operation  -  Access Type = hit 
 Cache Type = Accessing Unified Cache  -  Cache Level = 1 
|-------------------------------------------------------------------------------------|
|                         Byte Address: 000000000000000000000000000101XX (32 bits)    |
|                         Word Address: 000000000000000000000000000101   (30 bits)    |
|-------------------------------------------------------------------------------------|
|                              Block                              |   Word  |   Byte  |
|               Tag              |              Set               |  OffSet |  OffSet |
|-------------------------------------------------------------------------------------|
|     000000000000000000000000000|                               1|       01|      XX |
|-------------------------------------------------------------------------------------|
|                         27 bits|                          1 bits|   2 bits|   2 bits|
|-------------------------------------------------------------------------------------|

----------------------- Step: 016 to 060 || Trace: 2 0 -----------------------

Location: CACHE
 Action = load operation  -  Access Type = hit 
 Cache Type = Accessing Unified Cache  -  Cache Level = 1 
|-------------------------------------------------------------------------------------|
|                         Byte Address: 000000000000000000000000000000XX (32 bits)    |
|                         Word Address: 000000000000000000000000000000   (30 bits)    |
|-------------------------------------------------------------------------------------|
|                              Block                              |   Word  |   Byte  |
|               Tag              |              Set               |  OffSet |  OffSet |
|-------------------------------------------------------------------------------------|
|     000000000000000000000000000|                               0|       00|      XX |
|-------------------------------------------------------------------------------------|
|                         27 bits|                          1 bits|   2 bits|   2 bits|
|-------------------------------------------------------------------------------------|

----------------------- Step: 017 to 060 || Trace: 2 7 -----------------------

Location: CACHE
 Action = load operation  -  Access Type = hit 
 Cache Type = Accessing Unified Cache  -  Cache Level = 1 
|-------------------------------------------------------------------------------------|
|                         Byte Address: 000000000000000000000000000111XX (32 bits)    |
|                         Word Address: 000000000000000000000000000111   (30 bits)    |
|-------------------------------------------------------------------------------------|
|                              Block                              |   Word  |   Byte  |
|               Tag              |              Set               |  OffSet |  OffSet |
|-------------------------------------------------------------------------------------|
|     000000000000000000000000000|                               1|       11|      XX |
|-------------------------------------------------------------------------------------|
|                         27 bits|                          1 bits|   2 bits|   2 bits|
|-------------------------------------------------------------------------------------|

----------------------- Step: 018 to 060 || Trace: 1 7 -----------------------

Location: MAINMEMORY
Action = Stored data in Main Memory  
Block = 1 


Location: CACHE
 Action = store operation  -  Access Type = hit 
 Cache Type = Accessing Unified Cache  -  Cache Level = 1 
|-------------------------------------------------------------------------------------|
|                         Byte Address: 000000000000000000000000000111XX (32 bits)    |
|                         Word Address: 000000000000000000000000000111   (30 bits)    |
|-------------------------------------------------------------------------------------|
|                              Block                              |   Word  |   Byte  |
|               Tag              |              Set               |  OffSet |  OffSet |
|-------------------------------------------------------------------------------------|
|     000000000000000000000000000|                               1|       11|      XX |
|-------------------------------------------------------------------------------------|
|                         27 bits|                          1 bits|   2 bits|   2 bits|
|-------------------------------------------------------------------------------------|

----------------------- Step: 019 to 060 || Trace: 2 0 -----------------------

Location: CACHE
 Action = load operation  -  Access Type = hit 
 Cache Type = Accessing Unified Cache  -  Cache Level = 1 
|-------------------------------------------------------------------------------------|
|                         Byte Address: 000000000000000000000000000000XX (32 bits)    |
|                         Word Address: 000000000000000000000000000000   (30 bits)    |
|-------------------------------------------------------------------------------------|
|                              Block                              |   Word  |   Byte  |
|               Tag              |              Set               |  OffSet |  OffSet |
|-------------------------------------------------------------------------------------|
|     000000000000000000000000000|                               0|       00|      XX |
|-------------------------------------------------------------------------------------|
|                         27 bits|                          1 bits|   2 bits|   2 bits|
|-------------------------------------------------------------------------------------|

----------------------- Step: 020 to 060 || Trace: 2 7 -----------------------

Location: CACHE
 Action = load operation  -  Access Type = hit 
 Cache Type = Accessing Unified Cache  -  Cache Level = 1 
|-------------------------------------------------------------------------------------|
|                         Byte Address: 000000000000000000000000000111XX (32 bits)    |
|                         Word Address: 000000000000000000000000000111   (30 bits)    |
|-------------------------------------------------------------------------------------|
|                              Block                              |   Word  |   Byte  |
|               Tag              |              Set               |  OffSet |  OffSet |
|-------------------------------------------------------------------------------------|
|     000000000000000000000000000|                               1|       11|      XX |
|-------------------------------------------------------------------------------------|
|                         27 bits|                          1 bits|   2 bits|   2 bits|
|-------------------------------------------------------------------------------------|

----------------------- Step: 021 to 060 || Trace: 2 0 -----------------------

Location: CACHE
 Action = load operation  -  Access Type = hit 
 Cache Type = Accessing Unified Cache  -  Cache Level = 1 
|-------------------------------------------------------------------------------------|
|                         Byte Address: 000000000000000000000000000000XX (32 bits)    |
|                         Word Address: 000000000000000000000000000000   (30 bits)    |
|-------------------------------------------------------------------------------------|
|                              Block                              |   Word  |   Byte  |
|               Tag              |              Set               |  OffSet |  OffSet |
|-------------------------------------------------------------------------------------|
|     000000000000000000000000000|                               0|       00|      XX |
|-------------------------------------------------------------------------------------|
|                         27 bits|                          1 bits|   2 bits|   2 bits|
|-------------------------------------------------------------------------------------|

----------------------- Step: 022 to 060 || Trace: 2 1 -----------------------

Location: CACHE
 Action = load operation  -  Access Type = hit 
 Cache Type = Accessing Unified Cache  -  Cache Level = 1 
|-------------------------------------------------------------------------------------|
|                         Byte Address: 000000000000000000000000000001XX (32 bits)    |
|                         Word Address: 000000000000000000000000000001   (30 bits)    |
|-------------------------------------------------------------------------------------|
|                              Block                              |   Word  |   Byte  |
|               Tag              |              Set               |  OffSet |  OffSet |
|-------------------------------------------------------------------------------------|
|     000000000000000000000000000|                               0|       01|      XX |
|-------------------------------------------------------------------------------------|
|                         27 bits|                          1 bits|   2 bits|   2 bits|
|-------------------------------------------------------------------------------------|

----------------------- Step: 023 to 060 || Trace: 1 0 -----------------------

Location: MAINMEMORY
Action = Stored data in Main Memory  
Block = 0 


Location: CACHE
 Action = store operation  -  Access Type = hit 
 Cache Type = Accessing Unified Cache  -  Cache Level = 1 
|-------------------------------------------------------------------------------------|
|                         Byte Address: 000000000000000000000000000000XX (32 bits)    |
|                         Word Address: 000000000000000000000000000000   (30 bits)    |
|-------------------------------------------------------------------------------------|
|                              Block                              |   Word  |   Byte  |
|               Tag              |              Set               |  OffSet |  OffSet |
|-------------------------------------------------------------------------------------|
|     000000000000000000000000000|                               0|       00|      XX |
|-------------------------------------------------------------------------------------|
|                         27 bits|                          1 bits|   2 bits|   2 bits|
|-------------------------------------------------------------------------------------|

----------------------- Step: 024 to 060 || Trace: 2 0 -----------------------

Location: CACHE
 Action = load operation  -  Access Type = hit 
 Cache Type = Accessing Unified Cache  -  Cache Level = 1 
|-------------------------------------------------------------------------------------|
|                         Byte Address: 000000000000000000000000000000XX (32 bits)    |
|                         Word Address: 000000000000000000000000000000   (30 bits)    |
|-------------------------------------------------------------------------------------|
|                              Block                              |   Word  |   Byte  |
|               Tag              |              Set               |  OffSet |  OffSet |
|-------------------------------------------------------------------------------------|
|     000000000000000000000000000|                               0|       00|      XX |
|-------------------------------------------------------------------------------------|
|                         27 bits|                          1 bits|   2 bits|   2 bits|
|-------------------------------------------------------------------------------------|

----------------------- Step: 025 to 060 || Trace: 1 3 -----------------------

Location: MAINMEMORY
Action = Stored data in Main Memory  
Block = 0 


Location: CACHE
 Action = store operation  -  Access Type = hit 
 Cache Type = Accessing Unified Cache  -  Cache Level = 1 
|-------------------------------------------------------------------------------------|
|                         Byte Address: 000000000000000000000000000011XX (32 bits)    |
|                         Word Address: 000000000000000000000000000011   (30 bits)    |
|-------------------------------------------------------------------------------------|
|                              Block                              |   Word  |   Byte  |
|               Tag              |              Set               |  OffSet |  OffSet |
|-------------------------------------------------------------------------------------|
|     000000000000000000000000000|                               0|       11|      XX |
|-------------------------------------------------------------------------------------|
|                         27 bits|                          1 bits|   2 bits|   2 bits|
|-------------------------------------------------------------------------------------|

----------------------- Step: 026 to 060 || Trace: 2 3 -----------------------

Location: CACHE
 Action = load operation  -  Access Type = hit 
 Cache Type = Accessing Unified Cache  -  Cache Level = 1 
|-------------------------------------------------------------------------------------|
|                         Byte Address: 000000000000000000000000000011XX (32 bits)    |
|                         Word Address: 000000000000000000000000000011   (30 bits)    |
|-------------------------------------------------------------------------------------|
|                              Block                              |   Word  |   Byte  |
|               Tag              |              Set               |  OffSet |  OffSet |
|-------------------------------------------------------------------------------------|
|     000000000000000000000000000|                               0|       11|      XX |
|-------------------------------------------------------------------------------------|
|                         27 bits|                          1 bits|   2 bits|   2 bits|
|-------------------------------------------------------------------------------------|

----------------------- Step: 027 to 060 || Trace: 1 1 -----------------------

Location: MAINMEMORY
Action = Stored data in Main Memory  
Block = 0 


Location: CACHE
 Action = store operation  -  Access Type = hit 
 Cache Type = Accessing Unified Cache  -  Cache Level = 1 
|-------------------------------------------------------------------------------------|
|                         Byte Address: 000000000000000000000000000001XX (32 bits)    |
|                         Word Address: 000000000000000000000000000001   (30 bits)    |
|-------------------------------------------------------------------------------------|
|                              Block                              |   Word  |   Byte  |
|               Tag              |              Set               |  OffSet |  OffSet |
|-------------------------------------------------------------------------------------|
|     000000000000000000000000000|                               0|       01|      XX |
|-------------------------------------------------------------------------------------|
|                         27 bits|                          1 bits|   2 bits|   2 bits|
|-------------------------------------------------------------------------------------|

----------------------- Step: 028 to 060 || Trace: 2 1 -----------------------

Location: CACHE
 Action = load operation  -  Access Type = hit 
 Cache Type = Accessing Unified Cache  -  Cache Level = 1 
|-------------------------------------------------------------------------------------|
|                         Byte Address: 000000000000000000000000000001XX (32 bits)    |
|                         Word Address: 000000000000000000000000000001   (30 bits)    |
|-------------------------------------------------------------------------------------|
|                              Block                              |   Word  |   Byte  |
|               Tag              |              Set               |  OffSet |  OffSet |
|-------------------------------------------------------------------------------------|
|     000000000000000000000000000|                               0|       01|      XX |
|-------------------------------------------------------------------------------------|
|                         27 bits|                          1 bits|   2 bits|   2 bits|
|-------------------------------------------------------------------------------------|

----------------------- Step: 029 to 060 || Trace: 1 2 -----------------------

Location: MAINMEMORY
Action = Stored data in Main Memory  
Block = 0 


Location: CACHE
 Action = store operation  -  Access Type = hit 
 Cache Type = Accessing Unified Cache  -  Cache Level = 1 
|-------------------------------------------------------------------------------------|
|                         Byte Address: 000000000000000000000000000010XX (32 bits)    |
|                         Word Address: 000000000000000000000000000010   (30 bits)    |
|-------------------------------------------------------------------------------------|
|                              Block                              |   Word  |   Byte  |
|               Tag              |              Set               |  OffSet |  OffSet |
|-------------------------------------------------------------------------------------|
|     000000000000000000000000000|                               0|       10|      XX |
|-------------------------------------------------------------------------------------|
|                         27 bits|                          1 bits|   2 bits|   2 bits|
|-------------------------------------------------------------------------------------|

----------------------- Step: 030 to 060 || Trace: 2 0 -----------------------

Location: CACHE
 Action = load operation  -  Access Type = hit 
 Cache Type = Accessing Unified Cache  -  Cache Level = 1 
|-------------------------------------------------------------------------------------|
|                         Byte Address: 000000000000000000000000000000XX (32 bits)    |
|                         Word Address: 000000000000000000000000000000   (30 bits)    |
|-------------------------------------------------------------------------------------|
|                              Block                              |   Word  |   Byte  |
|               Tag              |              Set               |  OffSet |  OffSet |
|-------------------------------------------------------------------------------------|
|     000000000000000000000000000|                               0|       00|      XX |
|-------------------------------------------------------------------------------------|
|                         27 bits|                          1 bits|   2 bits|   2 bits|
|-------------------------------------------------------------------------------------|

----------------------- Step: 031 to 060 || Trace: 1 4 -----------------------

Location: MAINMEMORY
Action = Stored data in Main Memory  
Block = 1 


Location: CACHE
 Action = store operation  -  Access Type = hit 
 Cache Type = Accessing Unified Cache  -  Cache Level = 1 
|-------------------------------------------------------------------------------------|
|                         Byte Address: 000000000000000000000000000100XX (32 bits)    |
|                         Word Address: 000000000000000000000000000100   (30 bits)    |
|-------------------------------------------------------------------------------------|
|                              Block                              |   Word  |   Byte  |
|               Tag              |              Set               |  OffSet |  OffSet |
|-------------------------------------------------------------------------------------|
|     000000000000000000000000000|                               1|       00|      XX |
|-------------------------------------------------------------------------------------|
|                         27 bits|                          1 bits|   2 bits|   2 bits|
|-------------------------------------------------------------------------------------|

----------------------- Step: 032 to 060 || Trace: 2 2 -----------------------

Location: CACHE
 Action = load operation  -  Access Type = hit 
 Cache Type = Accessing Unified Cache  -  Cache Level = 1 
|-------------------------------------------------------------------------------------|
|                         Byte Address: 000000000000000000000000000010XX (32 bits)    |
|                         Word Address: 000000000000000000000000000010   (30 bits)    |
|-------------------------------------------------------------------------------------|
|                              Block                              |   Word  |   Byte  |
|               Tag              |              Set               |  OffSet |  OffSet |
|-------------------------------------------------------------------------------------|
|     000000000000000000000000000|                               0|       10|      XX |
|-------------------------------------------------------------------------------------|
|                         27 bits|                          1 bits|   2 bits|   2 bits|
|-------------------------------------------------------------------------------------|

----------------------- Step: 033 to 060 || Trace: 1 6 -----------------------

Location: MAINMEMORY
Action = Stored data in Main Memory  
Block = 1 


Location: CACHE
 Action = store operation  -  Access Type = hit 
 Cache Type = Accessing Unified Cache  -  Cache Level = 1 
|-------------------------------------------------------------------------------------|
|                         Byte Address: 000000000000000000000000000110XX (32 bits)    |
|                         Word Address: 000000000000000000000000000110   (30 bits)    |
|-------------------------------------------------------------------------------------|
|                              Block                              |   Word  |   Byte  |
|               Tag              |              Set               |  OffSet |  OffSet |
|-------------------------------------------------------------------------------------|
|     000000000000000000000000000|                               1|       10|      XX |
|-------------------------------------------------------------------------------------|
|                         27 bits|                          1 bits|   2 bits|   2 bits|
|-------------------------------------------------------------------------------------|

----------------------- Step: 034 to 060 || Trace: 2 4 -----------------------

Location: CACHE
 Action = load operation  -  Access Type = hit 
 Cache Type = Accessing Unified Cache  -  Cache Level = 1 
|-------------------------------------------------------------------------------------|
|                         Byte Address: 000000000000000000000000000100XX (32 bits)    |
|                         Word Address: 000000000000000000000000000100   (30 bits)    |
|-------------------------------------------------------------------------------------|
|                              Block                              |   Word  |   Byte  |
|               Tag              |              Set               |  OffSet |  OffSet |
|-------------------------------------------------------------------------------------|
|     000000000000000000000000000|                               1|       00|      XX |
|-------------------------------------------------------------------------------------|
|                         27 bits|                          1 bits|   2 bits|   2 bits|
|-------------------------------------------------------------------------------------|

----------------------- Step: 035 to 060 || Trace: 2 5 -----------------------

Location: CACHE
 Action = load operation  -  Access Type = hit 
 Cache Type = Accessing Unified Cache  -  Cache Level = 1 
|-------------------------------------------------------------------------------------|
|                         Byte Address: 000000000000000000000000000101XX (32 bits)    |
|                         Word Address: 000000000000000000000000000101   (30 bits)    |
|-------------------------------------------------------------------------------------|
|                              Block                              |   Word  |   Byte  |
|               Tag              |              Set               |  OffSet |  OffSet |
|-------------------------------------------------------------------------------------|
|     000000000000000000000000000|                               1|       01|      XX |
|-------------------------------------------------------------------------------------|
|                         27 bits|                          1 bits|   2 bits|   2 bits|
|-------------------------------------------------------------------------------------|

----------------------- Step: 036 to 060 || Trace: 2 0 -----------------------

Location: CACHE
 Action = load operation  -  Access Type = hit 
 Cache Type = Accessing Unified Cache  -  Cache Level = 1 
|-------------------------------------------------------------------------------------|
|                         Byte Address: 000000000000000000000000000000XX (32 bits)    |
|                         Word Address: 000000000000000000000000000000   (30 bits)    |
|-------------------------------------------------------------------------------------|
|                              Block                              |   Word  |   Byte  |
|               Tag              |              Set               |  OffSet |  OffSet |
|-------------------------------------------------------------------------------------|
|     000000000000000000000000000|                               0|       00|      XX |
|-------------------------------------------------------------------------------------|
|                         27 bits|                          1 bits|   2 bits|   2 bits|
|-------------------------------------------------------------------------------------|

----------------------- Step: 037 to 060 || Trace: 2 7 -----------------------

Location: CACHE
 Action = load operation  -  Access Type = hit 
 Cache Type = Accessing Unified Cache  -  Cache Level = 1 
|-------------------------------------------------------------------------------------|
|                         Byte Address: 000000000000000000000000000111XX (32 bits)    |
|                         Word Address: 000000000000000000000000000111   (30 bits)    |
|-------------------------------------------------------------------------------------|
|                              Block                              |   Word  |   Byte  |
|               Tag              |              Set               |  OffSet |  OffSet |
|-------------------------------------------------------------------------------------|
|     000000000000000000000000000|                               1|       11|      XX |
|-------------------------------------------------------------------------------------|
|                         27 bits|                          1 bits|   2 bits|   2 bits|
|-------------------------------------------------------------------------------------|

----------------------- Step: 038 to 060 || Trace: 1 7 -----------------------

Location: MAINMEMORY
Action = Stored data in Main Memory  
Block = 1 


Location: CACHE
 Action = store operation  -  Access Type = hit 
 Cache Type = Accessing Unified Cache  -  Cache Level = 1 
|-------------------------------------------------------------------------------------|
|                         Byte Address: 000000000000000000000000000111XX (32 bits)    |
|                         Word Address: 000000000000000000000000000111   (30 bits)    |
|-------------------------------------------------------------------------------------|
|                              Block                              |   Word  |   Byte  |
|               Tag              |              Set               |  OffSet |  OffSet |
|-------------------------------------------------------------------------------------|
|     000000000000000000000000000|                               1|       11|      XX |
|-------------------------------------------------------------------------------------|
|                         27 bits|                          1 bits|   2 bits|   2 bits|
|-------------------------------------------------------------------------------------|

----------------------- Step: 039 to 060 || Trace: 2 0 -----------------------

Location: CACHE
 Action = load operation  -  Access Type = hit 
 Cache Type = Accessing Unified Cache  -  Cache Level = 1 
|-------------------------------------------------------------------------------------|
|                         Byte Address: 000000000000000000000000000000XX (32 bits)    |
|                         Word Address: 000000000000000000000000000000   (30 bits)    |
|-------------------------------------------------------------------------------------|
|                              Block                              |   Word  |   Byte  |
|               Tag              |              Set               |  OffSet |  OffSet |
|-------------------------------------------------------------------------------------|
|     000000000000000000000000000|                               0|       00|      XX |
|-------------------------------------------------------------------------------------|
|                         27 bits|                          1 bits|   2 bits|   2 bits|
|-------------------------------------------------------------------------------------|

----------------------- Step: 040 to 060 || Trace: 2 7 -----------------------

Location: CACHE
 Action = load operation  -  Access Type = hit 
 Cache Type = Accessing Unified Cache  -  Cache Level = 1 
|-------------------------------------------------------------------------------------|
|                         Byte Address: 000000000000000000000000000111XX (32 bits)    |
|                         Word Address: 000000000000000000000000000111   (30 bits)    |
|-------------------------------------------------------------------------------------|
|                              Block                              |   Word  |   Byte  |
|               Tag              |              Set               |  OffSet |  OffSet |
|-------------------------------------------------------------------------------------|
|     000000000000000000000000000|                               1|       11|      XX |
|-------------------------------------------------------------------------------------|
|                         27 bits|                          1 bits|   2 bits|   2 bits|
|-------------------------------------------------------------------------------------|

----------------------- Step: 041 to 060 || Trace: 2 0 -----------------------

Location: CACHE
 Action = load operation  -  Access Type = hit 
 Cache Type = Accessing Unified Cache  -  Cache Level = 1 
|-------------------------------------------------------------------------------------|
|                         Byte Address: 000000000000000000000000000000XX (32 bits)    |
|                         Word Address: 000000000000000000000000000000   (30 bits)    |
|-------------------------------------------------------------------------------------|
|                              Block                              |   Word  |   Byte  |
|               Tag              |              Set               |  OffSet |  OffSet |
|-------------------------------------------------------------------------------------|
|     000000000000000000000000000|                               0|       00|      XX |
|-------------------------------------------------------------------------------------|
|                         27 bits|                          1 bits|   2 bits|   2 bits|
|-------------------------------------------------------------------------------------|

----------------------- Step: 042 to 060 || Trace: 2 1 -----------------------

Location: CACHE
 Action = load operation  -  Access Type = hit 
 Cache Type = Accessing Unified Cache  -  Cache Level = 1 
|-------------------------------------------------------------------------------------|
|                         Byte Address: 000000000000000000000000000001XX (32 bits)    |
|                         Word Address: 000000000000000000000000000001   (30 bits)    |
|-------------------------------------------------------------------------------------|
|                              Block                              |   Word  |   Byte  |
|               Tag              |              Set               |  OffSet |  OffSet |
|-------------------------------------------------------------------------------------|
|     000000000000000000000000000|                               0|       01|      XX |
|-------------------------------------------------------------------------------------|
|                         27 bits|                          1 bits|   2 bits|   2 bits|
|-------------------------------------------------------------------------------------|

----------------------- Step: 043 to 060 || Trace: 1 0 -----------------------

Location: MAINMEMORY
Action = Stored data in Main Memory  
Block = 0 


Location: CACHE
 Action = store operation  -  Access Type = hit 
 Cache Type = Accessing Unified Cache  -  Cache Level = 1 
|-------------------------------------------------------------------------------------|
|                         Byte Address: 000000000000000000000000000000XX (32 bits)    |
|                         Word Address: 000000000000000000000000000000   (30 bits)    |
|-------------------------------------------------------------------------------------|
|                              Block                              |   Word  |   Byte  |
|               Tag              |              Set               |  OffSet |  OffSet |
|-------------------------------------------------------------------------------------|
|     000000000000000000000000000|                               0|       00|      XX |
|-------------------------------------------------------------------------------------|
|                         27 bits|                          1 bits|   2 bits|   2 bits|
|-------------------------------------------------------------------------------------|

----------------------- Step: 044 to 060 || Trace: 2 0 -----------------------

Location: CACHE
 Action = load operation  -  Access Type = hit 
 Cache Type = Accessing Unified Cache  -  Cache Level = 1 
|-------------------------------------------------------------------------------------|
|                         Byte Address: 000000000000000000000000000000XX (32 bits)    |
|                         Word Address: 000000000000000000000000000000   (30 bits)    |
|-------------------------------------------------------------------------------------|
|                              Block                              |   Word  |   Byte  |
|               Tag              |              Set               |  OffSet |  OffSet |
|-------------------------------------------------------------------------------------|
|     000000000000000000000000000|                               0|       00|      XX |
|-------------------------------------------------------------------------------------|
|                         27 bits|                          1 bits|   2 bits|   2 bits|
|-------------------------------------------------------------------------------------|

----------------------- Step: 045 to 060 || Trace: 1 3 -----------------------

Location: MAINMEMORY
Action = Stored data in Main Memory  
Block = 0 


Location: CACHE
 Action = store operation  -  Access Type = hit 
 Cache Type = Accessing Unified Cache  -  Cache Level = 1 
|-------------------------------------------------------------------------------------|
|                         Byte Address: 000000000000000000000000000011XX (32 bits)    |
|                         Word Address: 000000000000000000000000000011   (30 bits)    |
|-------------------------------------------------------------------------------------|
|                              Block                              |   Word  |   Byte  |
|               Tag              |              Set               |  OffSet |  OffSet |
|-------------------------------------------------------------------------------------|
|     000000000000000000000000000|                               0|       11|      XX |
|-------------------------------------------------------------------------------------|
|                         27 bits|                          1 bits|   2 bits|   2 bits|
|-------------------------------------------------------------------------------------|

----------------------- Step: 046 to 060 || Trace: 2 3 -----------------------

Location: CACHE
 Action = load operation  -  Access Type = hit 
 Cache Type = Accessing Unified Cache  -  Cache Level = 1 
|-------------------------------------------------------------------------------------|
|                         Byte Address: 000000000000000000000000000011XX (32 bits)    |
|                         Word Address: 000000000000000000000000000011   (30 bits)    |
|-------------------------------------------------------------------------------------|
|                              Block                              |   Word  |   Byte  |
|               Tag              |              Set               |  OffSet |  OffSet |
|-------------------------------------------------------------------------------------|
|     000000000000000000000000000|                               0|       11|      XX |
|-------------------------------------------------------------------------------------|
|                         27 bits|                          1 bits|   2 bits|   2 bits|
|-------------------------------------------------------------------------------------|

----------------------- Step: 047 to 060 || Trace: 1 1 -----------------------

Location: MAINMEMORY
Action = Stored data in Main Memory  
Block = 0 


Location: CACHE
 Action = store operation  -  Access Type = hit 
 Cache Type = Accessing Unified Cache  -  Cache Level = 1 
|-------------------------------------------------------------------------------------|
|                         Byte Address: 000000000000000000000000000001XX (32 bits)    |
|                         Word Address: 000000000000000000000000000001   (30 bits)    |
|-------------------------------------------------------------------------------------|
|                              Block                              |   Word  |   Byte  |
|               Tag              |              Set               |  OffSet |  OffSet |
|-------------------------------------------------------------------------------------|
|     000000000000000000000000000|                               0|       01|      XX |
|-------------------------------------------------------------------------------------|
|                         27 bits|                          1 bits|   2 bits|   2 bits|
|-------------------------------------------------------------------------------------|

----------------------- Step: 048 to 060 || Trace: 2 1 -----------------------

Location: CACHE
 Action = load operation  -  Access Type = hit 
 Cache Type = Accessing Unified Cache  -  Cache Level = 1 
|-------------------------------------------------------------------------------------|
|                         Byte Address: 000000000000000000000000000001XX (32 bits)    |
|                         Word Address: 000000000000000000000000000001   (30 bits)    |
|-------------------------------------------------------------------------------------|
|                              Block                              |   Word  |   Byte  |
|               Tag              |              Set               |  OffSet |  OffSet |
|-------------------------------------------------------------------------------------|
|     000000000000000000000000000|                               0|       01|      XX |
|-------------------------------------------------------------------------------------|
|                         27 bits|                          1 bits|   2 bits|   2 bits|
|-------------------------------------------------------------------------------------|

----------------------- Step: 049 to 060 || Trace: 1 2 -----------------------

Location: MAINMEMORY
Action = Stored data in Main Memory  
Block = 0 


Location: CACHE
 Action = store operation  -  Access Type = hit 
 Cache Type = Accessing Unified Cache  -  Cache Level = 1 
|-------------------------------------------------------------------------------------|
|                         Byte Address: 000000000000000000000000000010XX (32 bits)    |
|                         Word Address: 000000000000000000000000000010   (30 bits)    |
|-------------------------------------------------------------------------------------|
|                              Block                              |   Word  |   Byte  |
|               Tag              |              Set               |  OffSet |  OffSet |
|-------------------------------------------------------------------------------------|
|     000000000000000000000000000|                               0|       10|      XX |
|-------------------------------------------------------------------------------------|
|                         27 bits|                          1 bits|   2 bits|   2 bits|
|-------------------------------------------------------------------------------------|

----------------------- Step: 050 to 060 || Trace: 2 0 -----------------------

Location: CACHE
 Action = load operation  -  Access Type = hit 
 Cache Type = Accessing Unified Cache  -  Cache Level = 1 
|-------------------------------------------------------------------------------------|
|                         Byte Address: 000000000000000000000000000000XX (32 bits)    |
|                         Word Address: 000000000000000000000000000000   (30 bits)    |
|-------------------------------------------------------------------------------------|
|                              Block                              |   Word  |   Byte  |
|               Tag              |              Set               |  OffSet |  OffSet |
|-------------------------------------------------------------------------------------|
|     000000000000000000000000000|                               0|       00|      XX |
|-------------------------------------------------------------------------------------|
|                         27 bits|                          1 bits|   2 bits|   2 bits|
|-------------------------------------------------------------------------------------|

----------------------- Step: 051 to 060 || Trace: 1 4 -----------------------

Location: MAINMEMORY
Action = Stored data in Main Memory  
Block = 1 


Location: CACHE
 Action = store operation  -  Access Type = hit 
 Cache Type = Accessing Unified Cache  -  Cache Level = 1 
|-------------------------------------------------------------------------------------|
|                         Byte Address: 000000000000000000000000000100XX (32 bits)    |
|                         Word Address: 000000000000000000000000000100   (30 bits)    |
|-------------------------------------------------------------------------------------|
|                              Block                              |   Word  |   Byte  |
|               Tag              |              Set               |  OffSet |  OffSet |
|-------------------------------------------------------------------------------------|
|     000000000000000000000000000|                               1|       00|      XX |
|-------------------------------------------------------------------------------------|
|                         27 bits|                          1 bits|   2 bits|   2 bits|
|-------------------------------------------------------------------------------------|

----------------------- Step: 052 to 060 || Trace: 2 2 -----------------------

Location: CACHE
 Action = load operation  -  Access Type = hit 
 Cache Type = Accessing Unified Cache  -  Cache Level = 1 
|-------------------------------------------------------------------------------------|
|                         Byte Address: 000000000000000000000000000010XX (32 bits)    |
|                         Word Address: 000000000000000000000000000010   (30 bits)    |
|-------------------------------------------------------------------------------------|
|                              Block                              |   Word  |   Byte  |
|               Tag              |              Set               |  OffSet |  OffSet |
|-------------------------------------------------------------------------------------|
|     000000000000000000000000000|                               0|       10|      XX |
|-------------------------------------------------------------------------------------|
|                         27 bits|                          1 bits|   2 bits|   2 bits|
|-------------------------------------------------------------------------------------|

----------------------- Step: 053 to 060 || Trace: 1 6 -----------------------

Location: MAINMEMORY
Action = Stored data in Main Memory  
Block = 1 


Location: CACHE
 Action = store operation  -  Access Type = hit 
 Cache Type = Accessing Unified Cache  -  Cache Level = 1 
|-------------------------------------------------------------------------------------|
|                         Byte Address: 000000000000000000000000000110XX (32 bits)    |
|                         Word Address: 000000000000000000000000000110   (30 bits)    |
|-------------------------------------------------------------------------------------|
|                              Block                              |   Word  |   Byte  |
|               Tag              |              Set               |  OffSet |  OffSet |
|-------------------------------------------------------------------------------------|
|     000000000000000000000000000|                               1|       10|      XX |
|-------------------------------------------------------------------------------------|
|                         27 bits|                          1 bits|   2 bits|   2 bits|
|-------------------------------------------------------------------------------------|

----------------------- Step: 054 to 060 || Trace: 2 4 -----------------------

Location: CACHE
 Action = load operation  -  Access Type = hit 
 Cache Type = Accessing Unified Cache  -  Cache Level = 1 
|-------------------------------------------------------------------------------------|
|                         Byte Address: 000000000000000000000000000100XX (32 bits)    |
|                         Word Address: 000000000000000000000000000100   (30 bits)    |
|-------------------------------------------------------------------------------------|
|                              Block                              |   Word  |   Byte  |
|               Tag              |              Set               |  OffSet |  OffSet |
|-------------------------------------------------------------------------------------|
|     000000000000000000000000000|                               1|       00|      XX |
|-------------------------------------------------------------------------------------|
|                         27 bits|                          1 bits|   2 bits|   2 bits|
|-------------------------------------------------------------------------------------|

----------------------- Step: 055 to 060 || Trace: 2 5 -----------------------

Location: CACHE
 Action = load operation  -  Access Type = hit 
 Cache Type = Accessing Unified Cache  -  Cache Level = 1 
|-------------------------------------------------------------------------------------|
|                         Byte Address: 000000000000000000000000000101XX (32 bits)    |
|                         Word Address: 000000000000000000000000000101   (30 bits)    |
|-------------------------------------------------------------------------------------|
|                              Block                              |   Word  |   Byte  |
|               Tag              |              Set               |  OffSet |  OffSet |
|-------------------------------------------------------------------------------------|
|     000000000000000000000000000|                               1|       01|      XX |
|-------------------------------------------------------------------------------------|
|                         27 bits|                          1 bits|   2 bits|   2 bits|
|-------------------------------------------------------------------------------------|

----------------------- Step: 056 to 060 || Trace: 2 0 -----------------------

Location: CACHE
 Action = load operation  -  Access Type = hit 
 Cache Type = Accessing Unified Cache  -  Cache Level = 1 
|-------------------------------------------------------------------------------------|
|                         Byte Address: 000000000000000000000000000000XX (32 bits)    |
|                         Word Address: 000000000000000000000000000000   (30 bits)    |
|-------------------------------------------------------------------------------------|
|                              Block                              |   Word  |   Byte  |
|               Tag              |              Set               |  OffSet |  OffSet |
|-------------------------------------------------------------------------------------|
|     000000000000000000000000000|                               0|       00|      XX |
|-------------------------------------------------------------------------------------|
|                         27 bits|                          1 bits|   2 bits|   2 bits|
|-------------------------------------------------------------------------------------|

----------------------- Step: 057 to 060 || Trace: 2 7 -----------------------

Location: CACHE
 Action = load operation  -  Access Type = hit 
 Cache Type = Accessing Unified Cache  -  Cache Level = 1 
|-------------------------------------------------------------------------------------|
|                         Byte Address: 000000000000000000000000000111XX (32 bits)    |
|                         Word Address: 000000000000000000000000000111   (30 bits)    |
|-------------------------------------------------------------------------------------|
|                              Block                              |   Word  |   Byte  |
|               Tag              |              Set               |  OffSet |  OffSet |
|-------------------------------------------------------------------------------------|
|     000000000000000000000000000|                               1|       11|      XX |
|-------------------------------------------------------------------------------------|
|                         27 bits|                          1 bits|   2 bits|   2 bits|
|-------------------------------------------------------------------------------------|

----------------------- Step: 058 to 060 || Trace: 1 7 -----------------------

Location: MAINMEMORY
Action = Stored data in Main Memory  
Block = 1 


Location: CACHE
 Action = store operation  -  Access Type = hit 
 Cache Type = Accessing Unified Cache  -  Cache Level = 1 
|-------------------------------------------------------------------------------------|
|                         Byte Address: 000000000000000000000000000111XX (32 bits)    |
|                         Word Address: 000000000000000000000000000111   (30 bits)    |
|-------------------------------------------------------------------------------------|
|                              Block                              |   Word  |   Byte  |
|               Tag              |              Set               |  OffSet |  OffSet |
|-------------------------------------------------------------------------------------|
|     000000000000000000000000000|                               1|       11|      XX |
|-------------------------------------------------------------------------------------|
|                         27 bits|                          1 bits|   2 bits|   2 bits|
|-------------------------------------------------------------------------------------|

----------------------- Step: 059 to 060 || Trace: 2 0 -----------------------

Location: CACHE
 Action = load operation  -  Access Type = hit 
 Cache Type = Accessing Unified Cache  -  Cache Level = 1 
|-------------------------------------------------------------------------------------|
|                         Byte Address: 000000000000000000000000000000XX (32 bits)    |
|                         Word Address: 000000000000000000000000000000   (30 bits)    |
|-------------------------------------------------------------------------------------|
|                              Block                              |   Word  |   Byte  |
|               Tag              |              Set               |  OffSet |  OffSet |
|-------------------------------------------------------------------------------------|
|     000000000000000000000000000|                               0|       00|      XX |
|-------------------------------------------------------------------------------------|
|                         27 bits|                          1 bits|   2 bits|   2 bits|
|-------------------------------------------------------------------------------------|

----------------------- Step: 060 to 060 || Trace: 2 7 -----------------------

Location: CACHE
 Action = load operation  -  Access Type = hit 
 Cache Type = Accessing Unified Cache  -  Cache Level = 1 
|-------------------------------------------------------------------------------------|
|                         Byte Address: 000000000000000000000000000111XX (32 bits)    |
|                         Word Address: 000000000000000000000000000111   (30 bits)    |
|-------------------------------------------------------------------------------------|
|                              Block                              |   Word  |   Byte  |
|               Tag              |              Set               |  OffSet |  OffSet |
|-------------------------------------------------------------------------------------|
|     000000000000000000000000000|                               1|       11|      XX |
|-------------------------------------------------------------------------------------|
|                         27 bits|                          1 bits|   2 bits|   2 bits|
|-------------------------------------------------------------------------------------|

------------------------------
---       Statistics       ---
------------------------------

Unified Cache - Level 1
  Read Access: 39
  Read Cycles: 39
  Read Time: 39
  Write Access: 21
  Write Cycles: 42
  Write Time: 42
  Total Access: 60
  Total Hit: 58
  Total Miss: 2
  Hit/rate: 0.96666664
  Total Time: 81

Main Memory
  Read Access: 2
  Read Cycles: 2
  Read Time: 20
  Write Access: 21
  Write Cycles: 42
  Write Time: 420
  Total Access: 23
  Total Time: 440

 Total Time: 521